<?xml version="1.0" encoding="UTF-8"?>
<robot generator="Robot 7.0.1 (Python 3.12.4 on win32)" generated="2024-08-07T10:47:07.681067" rpa="false" schemaversion="5">
<suite id="s1" name="777-NL" source="C:\Users\tiberiu.cotulbea\PycharmProjects\777-NL">
<suite id="s1-s1" name="Playwright Tests" source="C:\Users\tiberiu.cotulbea\PycharmProjects\777-NL\playwright_tests">
<suite id="s1-s1-s1" name="Tests" source="C:\Users\tiberiu.cotulbea\PycharmProjects\777-NL\playwright_tests\tests">
<suite id="s1-s1-s1-s1" name="testAPI" source="C:\Users\tiberiu.cotulbea\PycharmProjects\777-NL\playwright_tests\tests\testAPI.robot">
<test id="s1-s1-s1-s1-t1" name="Perform DELETE Request" line="36">
<kw name="Create Api Session" owner="keywords">
<arg>${BASE_URL}</arg>
<status status="PASS" start="2024-08-07T10:47:09.134176" elapsed="0.000000"/>
</kw>
<kw name="Perform Delete Request" owner="keywords">
<msg time="2024-08-07T10:47:09.642966" level="INFO">${response} = &lt;Response [200]&gt;</msg>
<var>${response}</var>
<arg>/user/${USERNAME}</arg>
<status status="PASS" start="2024-08-07T10:47:09.134176" elapsed="0.508790"/>
</kw>
<kw name="Should Be Equal As Numbers" owner="BuiltIn">
<msg time="2024-08-07T10:47:09.644961" level="INFO">Argument types are:
&lt;class 'int'&gt;
&lt;class 'str'&gt;</msg>
<arg>${response.status_code}</arg>
<arg>200</arg>
<doc>Fails if objects are unequal after converting them to real numbers.</doc>
<status status="PASS" start="2024-08-07T10:47:09.643964" elapsed="0.000997"/>
</kw>
<doc>Perform a DELETE request to remove the user.</doc>
<status status="PASS" start="2024-08-07T10:47:09.133176" elapsed="0.511785"/>
</test>
<status status="PASS" start="2024-08-07T10:47:07.743021" elapsed="1.904045"/>
</suite>
<status status="PASS" start="2024-08-07T10:47:07.741028" elapsed="1.908018"/>
</suite>
<status status="PASS" start="2024-08-07T10:47:07.738030" elapsed="1.912514"/>
</suite>
<status status="PASS" start="2024-08-07T10:47:07.685121" elapsed="1.966418"/>
</suite>
<statistics>
<total>
<stat pass="1" fail="0" skip="0">All Tests</stat>
</total>
<tag>
</tag>
<suite>
<stat pass="1" fail="0" skip="0" id="s1" name="777-NL">777-NL</stat>
<stat pass="1" fail="0" skip="0" id="s1-s1" name="Playwright Tests">777-NL.Playwright Tests</stat>
<stat pass="1" fail="0" skip="0" id="s1-s1-s1" name="Tests">777-NL.Playwright Tests.Tests</stat>
<stat pass="1" fail="0" skip="0" id="s1-s1-s1-s1" name="testAPI">777-NL.Playwright Tests.Tests.testAPI</stat>
</suite>
</statistics>
<errors>
</errors>
</robot>
